<?xml version="1.0" encoding="UTF-8"?>
<testng-results ignored="0" total="1" passed="1" failed="0" skipped="0">
  <reporter-output>
  </reporter-output>
  <suite started-at="2020-12-17T15:03:00 IST" name="Default suite" finished-at="2020-12-17T15:03:04 IST" duration-ms="3429">
    <groups>
    </groups>
    <test started-at="2020-12-17T15:03:00 IST" name="Default test" finished-at="2020-12-17T15:03:04 IST" duration-ms="3429">
      <class name="pet.PostRequest">
        <test-method signature="PostPet()[pri:0, instance:pet.PostRequest@3e96bacf]" started-at="2020-12-17T15:03:00 IST" name="PostPet" finished-at="2020-12-17T15:03:04 IST" duration-ms="3402" status="PASS">
          <reporter-output>
          </reporter-output>
        </test-method> <!-- PostPet -->
      </class> <!-- pet.PostRequest -->
    </test> <!-- Default test -->
  </suite> <!-- Default suite -->
</testng-results>
